  [1m[36m (1.3ms)[0m  [1mCREATE TABLE "schema_migrations" ("version" varchar NOT NULL) [0m
  [1m[35m (0.1ms)[0m  select sqlite_version(*)
  [1m[36m (1.1ms)[0m  [1mCREATE UNIQUE INDEX "unique_schema_migrations" ON "schema_migrations" ("version")[0m
  [1m[35mActiveRecord::SchemaMigration Load (0.1ms)[0m  SELECT "schema_migrations".* FROM "schema_migrations"
Migrating to CreateGames (20150914185555)
  [1m[36m (0.1ms)[0m  [1mbegin transaction[0m
  [1m[35m (0.5ms)[0m  CREATE TABLE "games" ("id" INTEGER PRIMARY KEY AUTOINCREMENT NOT NULL, "name" varchar, "description" varchar, "created_at" datetime NOT NULL, "updated_at" datetime NOT NULL) 
  [1m[36mSQL (0.3ms)[0m  [1mINSERT INTO "schema_migrations" ("version") VALUES (?)[0m  [["version", "20150914185555"]]
  [1m[35m (1.4ms)[0m  commit transaction
Migrating to CreateRatings (20150914185700)
  [1m[36m (0.1ms)[0m  [1mbegin transaction[0m
  [1m[35m (0.5ms)[0m  CREATE TABLE "ratings" ("id" INTEGER PRIMARY KEY AUTOINCREMENT NOT NULL, "comment" varchar, "stars" integer, "game_id" integer, "author_id" integer, "created_at" datetime NOT NULL, "updated_at" datetime NOT NULL) 
  [1m[36mSQL (0.2ms)[0m  [1mINSERT INTO "schema_migrations" ("version") VALUES (?)[0m  [["version", "20150914185700"]]
  [1m[35m (1.3ms)[0m  commit transaction
Migrating to CreatePurchases (20150914185730)
  [1m[36m (0.1ms)[0m  [1mbegin transaction[0m
  [1m[35m (0.3ms)[0m  CREATE TABLE "purchases" ("id" INTEGER PRIMARY KEY AUTOINCREMENT NOT NULL, "owner_id" integer, "game_id" integer, "created_at" datetime NOT NULL, "updated_at" datetime NOT NULL) 
  [1m[36mSQL (0.1ms)[0m  [1mINSERT INTO "schema_migrations" ("version") VALUES (?)[0m  [["version", "20150914185730"]]
  [1m[35m (1.3ms)[0m  commit transaction
Migrating to CreateMechanics (20150914185817)
  [1m[36m (0.1ms)[0m  [1mbegin transaction[0m
  [1m[35m (0.3ms)[0m  CREATE TABLE "mechanics" ("id" INTEGER PRIMARY KEY AUTOINCREMENT NOT NULL, "description" varchar, "created_at" datetime NOT NULL, "updated_at" datetime NOT NULL) 
  [1m[36mSQL (0.1ms)[0m  [1mINSERT INTO "schema_migrations" ("version") VALUES (?)[0m  [["version", "20150914185817"]]
  [1m[35m (1.3ms)[0m  commit transaction
Migrating to CreateGameMechanics (20150914185850)
  [1m[36m (0.1ms)[0m  [1mbegin transaction[0m
  [1m[35m (0.4ms)[0m  CREATE TABLE "game_mechanics" ("id" INTEGER PRIMARY KEY AUTOINCREMENT NOT NULL, "mechanic_id" integer, "game_id" integer, "created_at" datetime NOT NULL, "updated_at" datetime NOT NULL) 
  [1m[36mSQL (0.2ms)[0m  [1mINSERT INTO "schema_migrations" ("version") VALUES (?)[0m  [["version", "20150914185850"]]
  [1m[35m (1.2ms)[0m  commit transaction
Migrating to CreateUsers (20150914185915)
  [1m[36m (0.1ms)[0m  [1mbegin transaction[0m
  [1m[35m (0.4ms)[0m  CREATE TABLE "users" ("id" INTEGER PRIMARY KEY AUTOINCREMENT NOT NULL, "username" varchar, "password_digest" varchar, "created_at" datetime NOT NULL, "updated_at" datetime NOT NULL) 
  [1m[36mSQL (0.1ms)[0m  [1mINSERT INTO "schema_migrations" ("version") VALUES (?)[0m  [["version", "20150914185915"]]
  [1m[35m (1.3ms)[0m  commit transaction
Migrating to CreateFriendships (20150914185941)
  [1m[36m (0.1ms)[0m  [1mbegin transaction[0m
  [1m[35m (0.3ms)[0m  CREATE TABLE "friendships" ("id" INTEGER PRIMARY KEY AUTOINCREMENT NOT NULL, "from_id" integer, "to_id" integer, "confirmed" boolean, "created_at" datetime NOT NULL, "updated_at" datetime NOT NULL) 
  [1m[36mSQL (0.2ms)[0m  [1mINSERT INTO "schema_migrations" ("version") VALUES (?)[0m  [["version", "20150914185941"]]
  [1m[35m (1.6ms)[0m  commit transaction
  [1m[36mActiveRecord::SchemaMigration Load (0.1ms)[0m  [1mSELECT "schema_migrations".* FROM "schema_migrations"[0m
  [1m[36mUser Load (1.1ms)[0m  [1mSELECT "users".* FROM "users"[0m
  [1m[35m (0.1ms)[0m  begin transaction
  [1m[36mSQL (0.5ms)[0m  [1mINSERT INTO "users" ("created_at", "updated_at") VALUES (?, ?)[0m  [["created_at", "2015-09-14 19:12:02.845290"], ["updated_at", "2015-09-14 19:12:02.845290"]]
  [1m[35m (1.7ms)[0m  commit transaction
  [1m[36mFriendship Load (0.3ms)[0m  [1mSELECT "friendships".* FROM "friendships" WHERE "friendships"."from_id" = ?[0m  [["from_id", 1]]
  [1m[36mUser Load (0.2ms)[0m  [1mSELECT  "users".* FROM "users"  ORDER BY "users"."id" ASC LIMIT 1[0m
  [1m[35mRating Load (0.2ms)[0m  SELECT "ratings".* FROM "ratings" WHERE "ratings"."author_id" = ?  [["author_id", 1]]
  [1m[36mUser Load (0.1ms)[0m  [1mSELECT  "users".* FROM "users"  ORDER BY "users"."id" ASC LIMIT 1[0m
  [1m[36mUser Load (0.2ms)[0m  [1mSELECT  "users".* FROM "users"  ORDER BY "users"."id" ASC LIMIT 1[0m
  [1m[36mUser Load (0.1ms)[0m  [1mSELECT  "users".* FROM "users"  ORDER BY "users"."id" ASC LIMIT 1[0m
  [1m[36mUser Load (0.2ms)[0m  [1mSELECT  "users".* FROM "users"  ORDER BY "users"."id" ASC LIMIT 1[0m
  [1m[35mGame Load (0.2ms)[0m  SELECT "games".* FROM "games" INNER JOIN "purchases" ON "games"."id" = "purchases"."game_id" WHERE "purchases"."owner_id" = ?  [["owner_id", 1]]
  [1m[36m (0.2ms)[0m  [1mbegin transaction[0m
  [1m[35mSQL (0.5ms)[0m  INSERT INTO "games" ("created_at", "updated_at") VALUES (?, ?)  [["created_at", "2015-09-14 19:19:05.885244"], ["updated_at", "2015-09-14 19:19:05.885244"]]
  [1m[36m (1.6ms)[0m  [1mcommit transaction[0m
  [1m[35mUser Load (0.2ms)[0m  SELECT "users".* FROM "users" INNER JOIN "purchases" ON "users"."id" = "purchases"."owner_id" WHERE "purchases"."game_id" = ?  [["game_id", 1]]
  [1m[36mPurchase Load (0.4ms)[0m  [1mSELECT "purchases".* FROM "purchases" WHERE "purchases"."game_id" = ?[0m  [["game_id", 1]]
  [1m[35mFriendship Load (0.3ms)[0m  SELECT "friendships".* FROM "friendships" WHERE "friendships"."from_id" = ?  [["from_id", 1]]
  [1m[36mGame Load (0.2ms)[0m  [1mSELECT  "games".* FROM "games"  ORDER BY "games"."id" ASC LIMIT 1[0m
  [1m[36mGame Load (0.2ms)[0m  [1mSELECT  "games".* FROM "games"  ORDER BY "games"."id" ASC LIMIT 1[0m
  [1m[35mMechanic Load (0.2ms)[0m  SELECT "mechanics".* FROM "mechanics" INNER JOIN "game_mechanics" ON "mechanics"."id" = "game_mechanics"."mechanic_id" WHERE "game_mechanics"."game_id" = ?  [["game_id", 1]]
  [1m[36mUser Load (0.2ms)[0m  [1mSELECT  "users".* FROM "users"  ORDER BY "users"."id" ASC LIMIT 1[0m
  [1m[35mFriendship Load (0.2ms)[0m  SELECT "friendships".* FROM "friendships" WHERE "friendships"."from_id" = ?  [["from_id", 1]]
  [1m[36mUser Load (0.2ms)[0m  [1mSELECT  "users".* FROM "users"  ORDER BY "users"."id" ASC LIMIT 1[0m
  [1m[35mUser Load (0.2ms)[0m  SELECT "users".* FROM "users" INNER JOIN "friendships" ON "users"."id" = "friendships"."from_id" WHERE "friendships"."from_id" = ?  [["from_id", 1]]
  [1m[36m (0.1ms)[0m  [1mbegin transaction[0m
  [1m[35mSQL (0.5ms)[0m  INSERT INTO "ratings" ("created_at", "updated_at") VALUES (?, ?)  [["created_at", "2015-09-14 19:31:54.081132"], ["updated_at", "2015-09-14 19:31:54.081132"]]
  [1m[36m (1.7ms)[0m  [1mcommit transaction[0m
  [1m[35mUser Load (0.3ms)[0m  SELECT  "users".* FROM "users"  ORDER BY "users"."id" ASC LIMIT 1
  [1m[36mRating Load (0.2ms)[0m  [1mSELECT "ratings".* FROM "ratings" WHERE "ratings"."author_id" = ?[0m  [["author_id", 1]]
  [1m[35mGame Load (0.3ms)[0m  SELECT  "games".* FROM "games"  ORDER BY "games"."id" ASC LIMIT 1
  [1m[36mRating Load (0.3ms)[0m  [1mSELECT "ratings".* FROM "ratings" WHERE "ratings"."game_id" = ?[0m  [["game_id", 1]]


Started GET "/" for ::1 at 2015-09-14 15:28:27 -0500
  [1m[36mActiveRecord::SchemaMigration Load (0.1ms)[0m  [1mSELECT "schema_migrations".* FROM "schema_migrations"[0m

ActionController::RoutingError (uninitialized constant GamesController):
  activesupport (4.2.0) lib/active_support/inflector/methods.rb:261:in `const_get'
  activesupport (4.2.0) lib/active_support/inflector/methods.rb:261:in `block in constantize'
  activesupport (4.2.0) lib/active_support/inflector/methods.rb:259:in `each'
  activesupport (4.2.0) lib/active_support/inflector/methods.rb:259:in `inject'
  activesupport (4.2.0) lib/active_support/inflector/methods.rb:259:in `constantize'
  actionpack (4.2.0) lib/action_dispatch/routing/route_set.rb:69:in `controller_reference'
  actionpack (4.2.0) lib/action_dispatch/routing/route_set.rb:59:in `controller'
  actionpack (4.2.0) lib/action_dispatch/routing/route_set.rb:38:in `serve'
  actionpack (4.2.0) lib/action_dispatch/journey/router.rb:43:in `block in serve'
  actionpack (4.2.0) lib/action_dispatch/journey/router.rb:30:in `each'
  actionpack (4.2.0) lib/action_dispatch/journey/router.rb:30:in `serve'
  actionpack (4.2.0) lib/action_dispatch/routing/route_set.rb:802:in `call'
  rack (1.6.4) lib/rack/etag.rb:24:in `call'
  rack (1.6.4) lib/rack/conditionalget.rb:25:in `call'
  rack (1.6.4) lib/rack/head.rb:13:in `call'
  actionpack (4.2.0) lib/action_dispatch/middleware/params_parser.rb:27:in `call'
  actionpack (4.2.0) lib/action_dispatch/middleware/flash.rb:260:in `call'
  rack (1.6.4) lib/rack/session/abstract/id.rb:225:in `context'
  rack (1.6.4) lib/rack/session/abstract/id.rb:220:in `call'
  actionpack (4.2.0) lib/action_dispatch/middleware/cookies.rb:560:in `call'
  activerecord (4.2.0) lib/active_record/query_cache.rb:36:in `call'
  activerecord (4.2.0) lib/active_record/connection_adapters/abstract/connection_pool.rb:647:in `call'
  activerecord (4.2.0) lib/active_record/migration.rb:378:in `call'
  actionpack (4.2.0) lib/action_dispatch/middleware/callbacks.rb:29:in `block in call'
  activesupport (4.2.0) lib/active_support/callbacks.rb:88:in `call'
  activesupport (4.2.0) lib/active_support/callbacks.rb:88:in `_run_callbacks'
  activesupport (4.2.0) lib/active_support/callbacks.rb:734:in `_run_call_callbacks'
  activesupport (4.2.0) lib/active_support/callbacks.rb:81:in `run_callbacks'
  actionpack (4.2.0) lib/action_dispatch/middleware/callbacks.rb:27:in `call'
  actionpack (4.2.0) lib/action_dispatch/middleware/reloader.rb:73:in `call'
  actionpack (4.2.0) lib/action_dispatch/middleware/remote_ip.rb:78:in `call'
  actionpack (4.2.0) lib/action_dispatch/middleware/debug_exceptions.rb:17:in `call'
  web-console (2.2.1) lib/web_console/middleware.rb:39:in `call'
  actionpack (4.2.0) lib/action_dispatch/middleware/show_exceptions.rb:30:in `call'
  railties (4.2.0) lib/rails/rack/logger.rb:38:in `call_app'
  railties (4.2.0) lib/rails/rack/logger.rb:20:in `block in call'
  activesupport (4.2.0) lib/active_support/tagged_logging.rb:68:in `block in tagged'
  activesupport (4.2.0) lib/active_support/tagged_logging.rb:26:in `tagged'
  activesupport (4.2.0) lib/active_support/tagged_logging.rb:68:in `tagged'
  railties (4.2.0) lib/rails/rack/logger.rb:20:in `call'
  actionpack (4.2.0) lib/action_dispatch/middleware/request_id.rb:21:in `call'
  rack (1.6.4) lib/rack/methodoverride.rb:22:in `call'
  rack (1.6.4) lib/rack/runtime.rb:18:in `call'
  activesupport (4.2.0) lib/active_support/cache/strategy/local_cache_middleware.rb:28:in `call'
  rack (1.6.4) lib/rack/lock.rb:17:in `call'
  actionpack (4.2.0) lib/action_dispatch/middleware/static.rb:113:in `call'
  rack (1.6.4) lib/rack/sendfile.rb:113:in `call'
  railties (4.2.0) lib/rails/engine.rb:518:in `call'
  railties (4.2.0) lib/rails/application.rb:164:in `call'
  rack (1.6.4) lib/rack/lock.rb:17:in `call'
  rack (1.6.4) lib/rack/content_length.rb:15:in `call'
  rack (1.6.4) lib/rack/handler/webrick.rb:88:in `service'
  /Users/apprentice/.rbenv/versions/2.0.0-p598/lib/ruby/2.0.0/webrick/httpserver.rb:138:in `service'
  /Users/apprentice/.rbenv/versions/2.0.0-p598/lib/ruby/2.0.0/webrick/httpserver.rb:94:in `run'
  /Users/apprentice/.rbenv/versions/2.0.0-p598/lib/ruby/2.0.0/webrick/server.rb:295:in `block in start_thread'


  Rendered /Users/apprentice/.rbenv/versions/2.0.0-p598/lib/ruby/gems/2.0.0/gems/actionpack-4.2.0/lib/action_dispatch/middleware/templates/rescues/_trace.html.erb (1.9ms)
  Rendered /Users/apprentice/.rbenv/versions/2.0.0-p598/lib/ruby/gems/2.0.0/gems/actionpack-4.2.0/lib/action_dispatch/middleware/templates/routes/_route.html.erb (4.3ms)
  Rendered /Users/apprentice/.rbenv/versions/2.0.0-p598/lib/ruby/gems/2.0.0/gems/actionpack-4.2.0/lib/action_dispatch/middleware/templates/routes/_table.html.erb (24.4ms)
  Rendered /Users/apprentice/.rbenv/versions/2.0.0-p598/lib/ruby/gems/2.0.0/gems/actionpack-4.2.0/lib/action_dispatch/middleware/templates/rescues/_request_and_response.html.erb (24.1ms)
  Rendered /Users/apprentice/.rbenv/versions/2.0.0-p598/lib/ruby/gems/2.0.0/gems/actionpack-4.2.0/lib/action_dispatch/middleware/templates/rescues/routing_error.html.erb within rescues/layout (125.8ms)
  Rendered /Users/apprentice/.rbenv/versions/2.0.0-p598/lib/ruby/gems/2.0.0/gems/web-console-2.2.1/lib/web_console/templates/_markup.html.erb (0.6ms)
  Rendered /Users/apprentice/.rbenv/versions/2.0.0-p598/lib/ruby/gems/2.0.0/gems/web-console-2.2.1/lib/web_console/templates/_inner_console_markup.html.erb within layouts/inlined_string (0.4ms)
  Rendered /Users/apprentice/.rbenv/versions/2.0.0-p598/lib/ruby/gems/2.0.0/gems/web-console-2.2.1/lib/web_console/templates/_prompt_box_markup.html.erb within layouts/inlined_string (0.4ms)
  Rendered /Users/apprentice/.rbenv/versions/2.0.0-p598/lib/ruby/gems/2.0.0/gems/web-console-2.2.1/lib/web_console/templates/style.css.erb within layouts/inlined_string (0.4ms)
  Rendered /Users/apprentice/.rbenv/versions/2.0.0-p598/lib/ruby/gems/2.0.0/gems/web-console-2.2.1/lib/web_console/templates/console.js.erb within layouts/javascript (22.5ms)
  Rendered /Users/apprentice/.rbenv/versions/2.0.0-p598/lib/ruby/gems/2.0.0/gems/web-console-2.2.1/lib/web_console/templates/main.js.erb within layouts/javascript (0.3ms)
  Rendered /Users/apprentice/.rbenv/versions/2.0.0-p598/lib/ruby/gems/2.0.0/gems/web-console-2.2.1/lib/web_console/templates/error_page.js.erb within layouts/javascript (0.4ms)
  Rendered /Users/apprentice/.rbenv/versions/2.0.0-p598/lib/ruby/gems/2.0.0/gems/web-console-2.2.1/lib/web_console/templates/index.html.erb (49.1ms)


Started GET "/games/index" for ::1 at 2015-09-14 15:28:37 -0500

ActionController::RoutingError (uninitialized constant GamesController):
  activesupport (4.2.0) lib/active_support/inflector/methods.rb:261:in `const_get'
  activesupport (4.2.0) lib/active_support/inflector/methods.rb:261:in `block in constantize'
  activesupport (4.2.0) lib/active_support/inflector/methods.rb:259:in `each'
  activesupport (4.2.0) lib/active_support/inflector/methods.rb:259:in `inject'
  activesupport (4.2.0) lib/active_support/inflector/methods.rb:259:in `constantize'
  actionpack (4.2.0) lib/action_dispatch/routing/route_set.rb:69:in `controller_reference'
  actionpack (4.2.0) lib/action_dispatch/routing/route_set.rb:59:in `controller'
  actionpack (4.2.0) lib/action_dispatch/routing/route_set.rb:38:in `serve'
  actionpack (4.2.0) lib/action_dispatch/journey/router.rb:43:in `block in serve'
  actionpack (4.2.0) lib/action_dispatch/journey/router.rb:30:in `each'
  actionpack (4.2.0) lib/action_dispatch/journey/router.rb:30:in `serve'
  actionpack (4.2.0) lib/action_dispatch/routing/route_set.rb:802:in `call'
  rack (1.6.4) lib/rack/etag.rb:24:in `call'
  rack (1.6.4) lib/rack/conditionalget.rb:25:in `call'
  rack (1.6.4) lib/rack/head.rb:13:in `call'
  actionpack (4.2.0) lib/action_dispatch/middleware/params_parser.rb:27:in `call'
  actionpack (4.2.0) lib/action_dispatch/middleware/flash.rb:260:in `call'
  rack (1.6.4) lib/rack/session/abstract/id.rb:225:in `context'
  rack (1.6.4) lib/rack/session/abstract/id.rb:220:in `call'
  actionpack (4.2.0) lib/action_dispatch/middleware/cookies.rb:560:in `call'
  activerecord (4.2.0) lib/active_record/query_cache.rb:36:in `call'
  activerecord (4.2.0) lib/active_record/connection_adapters/abstract/connection_pool.rb:647:in `call'
  activerecord (4.2.0) lib/active_record/migration.rb:378:in `call'
  actionpack (4.2.0) lib/action_dispatch/middleware/callbacks.rb:29:in `block in call'
  activesupport (4.2.0) lib/active_support/callbacks.rb:88:in `call'
  activesupport (4.2.0) lib/active_support/callbacks.rb:88:in `_run_callbacks'
  activesupport (4.2.0) lib/active_support/callbacks.rb:734:in `_run_call_callbacks'
  activesupport (4.2.0) lib/active_support/callbacks.rb:81:in `run_callbacks'
  actionpack (4.2.0) lib/action_dispatch/middleware/callbacks.rb:27:in `call'
  actionpack (4.2.0) lib/action_dispatch/middleware/reloader.rb:73:in `call'
  actionpack (4.2.0) lib/action_dispatch/middleware/remote_ip.rb:78:in `call'
  actionpack (4.2.0) lib/action_dispatch/middleware/debug_exceptions.rb:17:in `call'
  web-console (2.2.1) lib/web_console/middleware.rb:39:in `call'
  actionpack (4.2.0) lib/action_dispatch/middleware/show_exceptions.rb:30:in `call'
  railties (4.2.0) lib/rails/rack/logger.rb:38:in `call_app'
  railties (4.2.0) lib/rails/rack/logger.rb:20:in `block in call'
  activesupport (4.2.0) lib/active_support/tagged_logging.rb:68:in `block in tagged'
  activesupport (4.2.0) lib/active_support/tagged_logging.rb:26:in `tagged'
  activesupport (4.2.0) lib/active_support/tagged_logging.rb:68:in `tagged'
  railties (4.2.0) lib/rails/rack/logger.rb:20:in `call'
  actionpack (4.2.0) lib/action_dispatch/middleware/request_id.rb:21:in `call'
  rack (1.6.4) lib/rack/methodoverride.rb:22:in `call'
  rack (1.6.4) lib/rack/runtime.rb:18:in `call'
  activesupport (4.2.0) lib/active_support/cache/strategy/local_cache_middleware.rb:28:in `call'
  rack (1.6.4) lib/rack/lock.rb:17:in `call'
  actionpack (4.2.0) lib/action_dispatch/middleware/static.rb:113:in `call'
  rack (1.6.4) lib/rack/sendfile.rb:113:in `call'
  railties (4.2.0) lib/rails/engine.rb:518:in `call'
  railties (4.2.0) lib/rails/application.rb:164:in `call'
  rack (1.6.4) lib/rack/lock.rb:17:in `call'
  rack (1.6.4) lib/rack/content_length.rb:15:in `call'
  rack (1.6.4) lib/rack/handler/webrick.rb:88:in `service'
  /Users/apprentice/.rbenv/versions/2.0.0-p598/lib/ruby/2.0.0/webrick/httpserver.rb:138:in `service'
  /Users/apprentice/.rbenv/versions/2.0.0-p598/lib/ruby/2.0.0/webrick/httpserver.rb:94:in `run'
  /Users/apprentice/.rbenv/versions/2.0.0-p598/lib/ruby/2.0.0/webrick/server.rb:295:in `block in start_thread'


  Rendered /Users/apprentice/.rbenv/versions/2.0.0-p598/lib/ruby/gems/2.0.0/gems/actionpack-4.2.0/lib/action_dispatch/middleware/templates/rescues/_trace.html.erb (2.0ms)
  Rendered /Users/apprentice/.rbenv/versions/2.0.0-p598/lib/ruby/gems/2.0.0/gems/actionpack-4.2.0/lib/action_dispatch/middleware/templates/routes/_route.html.erb (2.5ms)
  Rendered /Users/apprentice/.rbenv/versions/2.0.0-p598/lib/ruby/gems/2.0.0/gems/actionpack-4.2.0/lib/action_dispatch/middleware/templates/routes/_table.html.erb (1.3ms)
  Rendered /Users/apprentice/.rbenv/versions/2.0.0-p598/lib/ruby/gems/2.0.0/gems/actionpack-4.2.0/lib/action_dispatch/middleware/templates/rescues/_request_and_response.html.erb (1.4ms)
  Rendered /Users/apprentice/.rbenv/versions/2.0.0-p598/lib/ruby/gems/2.0.0/gems/actionpack-4.2.0/lib/action_dispatch/middleware/templates/rescues/routing_error.html.erb within rescues/layout (99.2ms)
  Rendered /Users/apprentice/.rbenv/versions/2.0.0-p598/lib/ruby/gems/2.0.0/gems/web-console-2.2.1/lib/web_console/templates/_markup.html.erb (0.5ms)
  Rendered /Users/apprentice/.rbenv/versions/2.0.0-p598/lib/ruby/gems/2.0.0/gems/web-console-2.2.1/lib/web_console/templates/_inner_console_markup.html.erb within layouts/inlined_string (0.3ms)
  Rendered /Users/apprentice/.rbenv/versions/2.0.0-p598/lib/ruby/gems/2.0.0/gems/web-console-2.2.1/lib/web_console/templates/_prompt_box_markup.html.erb within layouts/inlined_string (0.3ms)
  Rendered /Users/apprentice/.rbenv/versions/2.0.0-p598/lib/ruby/gems/2.0.0/gems/web-console-2.2.1/lib/web_console/templates/style.css.erb within layouts/inlined_string (0.3ms)
  Rendered /Users/apprentice/.rbenv/versions/2.0.0-p598/lib/ruby/gems/2.0.0/gems/web-console-2.2.1/lib/web_console/templates/console.js.erb within layouts/javascript (14.7ms)
  Rendered /Users/apprentice/.rbenv/versions/2.0.0-p598/lib/ruby/gems/2.0.0/gems/web-console-2.2.1/lib/web_console/templates/main.js.erb within layouts/javascript (0.3ms)
  Rendered /Users/apprentice/.rbenv/versions/2.0.0-p598/lib/ruby/gems/2.0.0/gems/web-console-2.2.1/lib/web_console/templates/error_page.js.erb within layouts/javascript (0.5ms)
  Rendered /Users/apprentice/.rbenv/versions/2.0.0-p598/lib/ruby/gems/2.0.0/gems/web-console-2.2.1/lib/web_console/templates/index.html.erb (33.0ms)


Started GET "/" for ::1 at 2015-09-14 15:28:56 -0500

ActionController::RoutingError (uninitialized constant GamesController):
  activesupport (4.2.0) lib/active_support/inflector/methods.rb:261:in `const_get'
  activesupport (4.2.0) lib/active_support/inflector/methods.rb:261:in `block in constantize'
  activesupport (4.2.0) lib/active_support/inflector/methods.rb:259:in `each'
  activesupport (4.2.0) lib/active_support/inflector/methods.rb:259:in `inject'
  activesupport (4.2.0) lib/active_support/inflector/methods.rb:259:in `constantize'
  actionpack (4.2.0) lib/action_dispatch/routing/route_set.rb:69:in `controller_reference'
  actionpack (4.2.0) lib/action_dispatch/routing/route_set.rb:59:in `controller'
  actionpack (4.2.0) lib/action_dispatch/routing/route_set.rb:38:in `serve'
  actionpack (4.2.0) lib/action_dispatch/journey/router.rb:43:in `block in serve'
  actionpack (4.2.0) lib/action_dispatch/journey/router.rb:30:in `each'
  actionpack (4.2.0) lib/action_dispatch/journey/router.rb:30:in `serve'
  actionpack (4.2.0) lib/action_dispatch/routing/route_set.rb:802:in `call'
  rack (1.6.4) lib/rack/etag.rb:24:in `call'
  rack (1.6.4) lib/rack/conditionalget.rb:25:in `call'
  rack (1.6.4) lib/rack/head.rb:13:in `call'
  actionpack (4.2.0) lib/action_dispatch/middleware/params_parser.rb:27:in `call'
  actionpack (4.2.0) lib/action_dispatch/middleware/flash.rb:260:in `call'
  rack (1.6.4) lib/rack/session/abstract/id.rb:225:in `context'
  rack (1.6.4) lib/rack/session/abstract/id.rb:220:in `call'
  actionpack (4.2.0) lib/action_dispatch/middleware/cookies.rb:560:in `call'
  activerecord (4.2.0) lib/active_record/query_cache.rb:36:in `call'
  activerecord (4.2.0) lib/active_record/connection_adapters/abstract/connection_pool.rb:647:in `call'
  activerecord (4.2.0) lib/active_record/migration.rb:378:in `call'
  actionpack (4.2.0) lib/action_dispatch/middleware/callbacks.rb:29:in `block in call'
  activesupport (4.2.0) lib/active_support/callbacks.rb:88:in `call'
  activesupport (4.2.0) lib/active_support/callbacks.rb:88:in `_run_callbacks'
  activesupport (4.2.0) lib/active_support/callbacks.rb:734:in `_run_call_callbacks'
  activesupport (4.2.0) lib/active_support/callbacks.rb:81:in `run_callbacks'
  actionpack (4.2.0) lib/action_dispatch/middleware/callbacks.rb:27:in `call'
  actionpack (4.2.0) lib/action_dispatch/middleware/reloader.rb:73:in `call'
  actionpack (4.2.0) lib/action_dispatch/middleware/remote_ip.rb:78:in `call'
  actionpack (4.2.0) lib/action_dispatch/middleware/debug_exceptions.rb:17:in `call'
  web-console (2.2.1) lib/web_console/middleware.rb:39:in `call'
  actionpack (4.2.0) lib/action_dispatch/middleware/show_exceptions.rb:30:in `call'
  railties (4.2.0) lib/rails/rack/logger.rb:38:in `call_app'
  railties (4.2.0) lib/rails/rack/logger.rb:20:in `block in call'
  activesupport (4.2.0) lib/active_support/tagged_logging.rb:68:in `block in tagged'
  activesupport (4.2.0) lib/active_support/tagged_logging.rb:26:in `tagged'
  activesupport (4.2.0) lib/active_support/tagged_logging.rb:68:in `tagged'
  railties (4.2.0) lib/rails/rack/logger.rb:20:in `call'
  actionpack (4.2.0) lib/action_dispatch/middleware/request_id.rb:21:in `call'
  rack (1.6.4) lib/rack/methodoverride.rb:22:in `call'
  rack (1.6.4) lib/rack/runtime.rb:18:in `call'
  activesupport (4.2.0) lib/active_support/cache/strategy/local_cache_middleware.rb:28:in `call'
  rack (1.6.4) lib/rack/lock.rb:17:in `call'
  actionpack (4.2.0) lib/action_dispatch/middleware/static.rb:113:in `call'
  rack (1.6.4) lib/rack/sendfile.rb:113:in `call'
  railties (4.2.0) lib/rails/engine.rb:518:in `call'
  railties (4.2.0) lib/rails/application.rb:164:in `call'
  rack (1.6.4) lib/rack/lock.rb:17:in `call'
  rack (1.6.4) lib/rack/content_length.rb:15:in `call'
  rack (1.6.4) lib/rack/handler/webrick.rb:88:in `service'
  /Users/apprentice/.rbenv/versions/2.0.0-p598/lib/ruby/2.0.0/webrick/httpserver.rb:138:in `service'
  /Users/apprentice/.rbenv/versions/2.0.0-p598/lib/ruby/2.0.0/webrick/httpserver.rb:94:in `run'
  /Users/apprentice/.rbenv/versions/2.0.0-p598/lib/ruby/2.0.0/webrick/server.rb:295:in `block in start_thread'


  Rendered /Users/apprentice/.rbenv/versions/2.0.0-p598/lib/ruby/gems/2.0.0/gems/actionpack-4.2.0/lib/action_dispatch/middleware/templates/rescues/_trace.html.erb (1.7ms)
  Rendered /Users/apprentice/.rbenv/versions/2.0.0-p598/lib/ruby/gems/2.0.0/gems/actionpack-4.2.0/lib/action_dispatch/middleware/templates/routes/_route.html.erb (2.5ms)
  Rendered /Users/apprentice/.rbenv/versions/2.0.0-p598/lib/ruby/gems/2.0.0/gems/actionpack-4.2.0/lib/action_dispatch/middleware/templates/routes/_table.html.erb (1.2ms)
  Rendered /Users/apprentice/.rbenv/versions/2.0.0-p598/lib/ruby/gems/2.0.0/gems/actionpack-4.2.0/lib/action_dispatch/middleware/templates/rescues/_request_and_response.html.erb (1.3ms)
  Rendered /Users/apprentice/.rbenv/versions/2.0.0-p598/lib/ruby/gems/2.0.0/gems/actionpack-4.2.0/lib/action_dispatch/middleware/templates/rescues/routing_error.html.erb within rescues/layout (55.1ms)
  Rendered /Users/apprentice/.rbenv/versions/2.0.0-p598/lib/ruby/gems/2.0.0/gems/web-console-2.2.1/lib/web_console/templates/_markup.html.erb (0.3ms)
  Rendered /Users/apprentice/.rbenv/versions/2.0.0-p598/lib/ruby/gems/2.0.0/gems/web-console-2.2.1/lib/web_console/templates/_inner_console_markup.html.erb within layouts/inlined_string (0.3ms)
  Rendered /Users/apprentice/.rbenv/versions/2.0.0-p598/lib/ruby/gems/2.0.0/gems/web-console-2.2.1/lib/web_console/templates/_prompt_box_markup.html.erb within layouts/inlined_string (0.2ms)
  Rendered /Users/apprentice/.rbenv/versions/2.0.0-p598/lib/ruby/gems/2.0.0/gems/web-console-2.2.1/lib/web_console/templates/style.css.erb within layouts/inlined_string (0.4ms)
  Rendered /Users/apprentice/.rbenv/versions/2.0.0-p598/lib/ruby/gems/2.0.0/gems/web-console-2.2.1/lib/web_console/templates/console.js.erb within layouts/javascript (14.7ms)
  Rendered /Users/apprentice/.rbenv/versions/2.0.0-p598/lib/ruby/gems/2.0.0/gems/web-console-2.2.1/lib/web_console/templates/main.js.erb within layouts/javascript (0.4ms)
  Rendered /Users/apprentice/.rbenv/versions/2.0.0-p598/lib/ruby/gems/2.0.0/gems/web-console-2.2.1/lib/web_console/templates/error_page.js.erb within layouts/javascript (0.3ms)
  Rendered /Users/apprentice/.rbenv/versions/2.0.0-p598/lib/ruby/gems/2.0.0/gems/web-console-2.2.1/lib/web_console/templates/index.html.erb (31.9ms)


Started GET "/" for ::1 at 2015-09-14 15:38:12 -0500
  [1m[36mActiveRecord::SchemaMigration Load (0.1ms)[0m  [1mSELECT "schema_migrations".* FROM "schema_migrations"[0m
Processing by GamesController#index as HTML
  [1m[35mGame Load (0.2ms)[0m  SELECT "games".* FROM "games"
  Rendered games/index.erb within layouts/application (10.5ms)
Completed 500 Internal Server Error in 40ms

ActionView::Template::Error (undefined method `average_user_rating' for #<Game:0x007fe6b0b9adb8>):
    2:   <h1>Games!</h1>
    3:     <% @games.each do |game| %>
    4:     <h2><%= game.name %></h2>
    5:     <h3><%= game.average_user_rating %></h3>
    6:     <% end %>
    7: </div>
  app/views/games/index.erb:5:in `block in _app_views_games_index_erb___4010997775933289545_70314391786020'
  app/views/games/index.erb:3:in `_app_views_games_index_erb___4010997775933289545_70314391786020'
  app/controllers/games_controller.rb:4:in `index'


  Rendered /Users/apprentice/.rbenv/versions/2.0.0-p598/lib/ruby/gems/2.0.0/gems/actionpack-4.2.0/lib/action_dispatch/middleware/templates/rescues/_source.erb (39.5ms)
  Rendered /Users/apprentice/.rbenv/versions/2.0.0-p598/lib/ruby/gems/2.0.0/gems/actionpack-4.2.0/lib/action_dispatch/middleware/templates/rescues/_trace.html.erb (48.0ms)
  Rendered /Users/apprentice/.rbenv/versions/2.0.0-p598/lib/ruby/gems/2.0.0/gems/actionpack-4.2.0/lib/action_dispatch/middleware/templates/rescues/_request_and_response.html.erb (0.9ms)
  Rendered /Users/apprentice/.rbenv/versions/2.0.0-p598/lib/ruby/gems/2.0.0/gems/actionpack-4.2.0/lib/action_dispatch/middleware/templates/rescues/template_error.html.erb within rescues/layout (103.5ms)
  Rendered /Users/apprentice/.rbenv/versions/2.0.0-p598/lib/ruby/gems/2.0.0/gems/web-console-2.2.1/lib/web_console/templates/_markup.html.erb (0.4ms)
  Rendered /Users/apprentice/.rbenv/versions/2.0.0-p598/lib/ruby/gems/2.0.0/gems/web-console-2.2.1/lib/web_console/templates/_inner_console_markup.html.erb within layouts/inlined_string (0.3ms)
  Rendered /Users/apprentice/.rbenv/versions/2.0.0-p598/lib/ruby/gems/2.0.0/gems/web-console-2.2.1/lib/web_console/templates/_prompt_box_markup.html.erb within layouts/inlined_string (0.2ms)
  Rendered /Users/apprentice/.rbenv/versions/2.0.0-p598/lib/ruby/gems/2.0.0/gems/web-console-2.2.1/lib/web_console/templates/style.css.erb within layouts/inlined_string (0.4ms)
  Rendered /Users/apprentice/.rbenv/versions/2.0.0-p598/lib/ruby/gems/2.0.0/gems/web-console-2.2.1/lib/web_console/templates/console.js.erb within layouts/javascript (15.2ms)
  Rendered /Users/apprentice/.rbenv/versions/2.0.0-p598/lib/ruby/gems/2.0.0/gems/web-console-2.2.1/lib/web_console/templates/main.js.erb within layouts/javascript (0.5ms)
  Rendered /Users/apprentice/.rbenv/versions/2.0.0-p598/lib/ruby/gems/2.0.0/gems/web-console-2.2.1/lib/web_console/templates/error_page.js.erb within layouts/javascript (0.6ms)
  Rendered /Users/apprentice/.rbenv/versions/2.0.0-p598/lib/ruby/gems/2.0.0/gems/web-console-2.2.1/lib/web_console/templates/index.html.erb (37.9ms)


Started GET "/" for ::1 at 2015-09-14 15:38:45 -0500
Processing by GamesController#index as HTML
  [1m[36mGame Load (0.2ms)[0m  [1mSELECT "games".* FROM "games"[0m
  [1m[35mRating Load (0.2ms)[0m  SELECT "ratings".* FROM "ratings" WHERE "ratings"."game_id" = ?  [["game_id", 1]]
  Rendered games/index.erb within layouts/application (17.9ms)
Completed 500 Internal Server Error in 20ms

ActionView::Template::Error (divided by 0):
    2:   <h1>Games!</h1>
    3:     <% @games.each do |game| %>
    4:     <h2><%= game.name %></h2>
    5:     <h3><%= game.avg_user_rating %></h3>
    6:     <% end %>
    7: </div>
  app/models/game.rb:13:in `/'
  app/models/game.rb:13:in `avg_user_rating'
  app/views/games/index.erb:5:in `block in _app_views_games_index_erb___4010997775933289545_70314390607640'
  app/views/games/index.erb:3:in `_app_views_games_index_erb___4010997775933289545_70314390607640'
  app/controllers/games_controller.rb:4:in `index'


  Rendered /Users/apprentice/.rbenv/versions/2.0.0-p598/lib/ruby/gems/2.0.0/gems/actionpack-4.2.0/lib/action_dispatch/middleware/templates/rescues/_source.erb (10.0ms)
  Rendered /Users/apprentice/.rbenv/versions/2.0.0-p598/lib/ruby/gems/2.0.0/gems/actionpack-4.2.0/lib/action_dispatch/middleware/templates/rescues/_trace.html.erb (3.2ms)
  Rendered /Users/apprentice/.rbenv/versions/2.0.0-p598/lib/ruby/gems/2.0.0/gems/actionpack-4.2.0/lib/action_dispatch/middleware/templates/rescues/_request_and_response.html.erb (0.9ms)
  Rendered /Users/apprentice/.rbenv/versions/2.0.0-p598/lib/ruby/gems/2.0.0/gems/actionpack-4.2.0/lib/action_dispatch/middleware/templates/rescues/template_error.html.erb within rescues/layout (28.7ms)
  Rendered /Users/apprentice/.rbenv/versions/2.0.0-p598/lib/ruby/gems/2.0.0/gems/web-console-2.2.1/lib/web_console/templates/_markup.html.erb (0.5ms)
  Rendered /Users/apprentice/.rbenv/versions/2.0.0-p598/lib/ruby/gems/2.0.0/gems/web-console-2.2.1/lib/web_console/templates/_inner_console_markup.html.erb within layouts/inlined_string (0.3ms)
  Rendered /Users/apprentice/.rbenv/versions/2.0.0-p598/lib/ruby/gems/2.0.0/gems/web-console-2.2.1/lib/web_console/templates/_prompt_box_markup.html.erb within layouts/inlined_string (0.4ms)
  Rendered /Users/apprentice/.rbenv/versions/2.0.0-p598/lib/ruby/gems/2.0.0/gems/web-console-2.2.1/lib/web_console/templates/style.css.erb within layouts/inlined_string (0.3ms)
  Rendered /Users/apprentice/.rbenv/versions/2.0.0-p598/lib/ruby/gems/2.0.0/gems/web-console-2.2.1/lib/web_console/templates/console.js.erb within layouts/javascript (15.7ms)
  Rendered /Users/apprentice/.rbenv/versions/2.0.0-p598/lib/ruby/gems/2.0.0/gems/web-console-2.2.1/lib/web_console/templates/main.js.erb within layouts/javascript (0.5ms)
  Rendered /Users/apprentice/.rbenv/versions/2.0.0-p598/lib/ruby/gems/2.0.0/gems/web-console-2.2.1/lib/web_console/templates/error_page.js.erb within layouts/javascript (0.8ms)
  Rendered /Users/apprentice/.rbenv/versions/2.0.0-p598/lib/ruby/gems/2.0.0/gems/web-console-2.2.1/lib/web_console/templates/index.html.erb (39.7ms)
  [1m[36m (19.5ms)[0m  [1mCREATE TABLE "schema_migrations" ("version" varchar NOT NULL) [0m
  [1m[35m (0.6ms)[0m  select sqlite_version(*)
  [1m[36m (1.4ms)[0m  [1mCREATE UNIQUE INDEX "unique_schema_migrations" ON "schema_migrations" ("version")[0m
  [1m[35mActiveRecord::SchemaMigration Load (0.1ms)[0m  SELECT "schema_migrations".* FROM "schema_migrations"
Migrating to CreateGames (20150914185555)
  [1m[36m (0.1ms)[0m  [1mbegin transaction[0m
  [1m[35m (0.4ms)[0m  CREATE TABLE "games" ("id" INTEGER PRIMARY KEY AUTOINCREMENT NOT NULL, "name" varchar, "description" varchar, "created_at" datetime NOT NULL, "updated_at" datetime NOT NULL) 
  [1m[36mSQL (0.2ms)[0m  [1mINSERT INTO "schema_migrations" ("version") VALUES (?)[0m  [["version", "20150914185555"]]
  [1m[35m (1.1ms)[0m  commit transaction
Migrating to CreateRatings (20150914185700)
  [1m[36m (0.1ms)[0m  [1mbegin transaction[0m
  [1m[35m (0.3ms)[0m  CREATE TABLE "ratings" ("id" INTEGER PRIMARY KEY AUTOINCREMENT NOT NULL, "comment" varchar, "stars" integer, "game_id" integer, "author_id" integer, "created_at" datetime NOT NULL, "updated_at" datetime NOT NULL) 
  [1m[36mSQL (0.1ms)[0m  [1mINSERT INTO "schema_migrations" ("version") VALUES (?)[0m  [["version", "20150914185700"]]
  [1m[35m (1.1ms)[0m  commit transaction
Migrating to CreatePurchases (20150914185730)
  [1m[36m (0.1ms)[0m  [1mbegin transaction[0m
  [1m[35m (0.3ms)[0m  CREATE TABLE "purchases" ("id" INTEGER PRIMARY KEY AUTOINCREMENT NOT NULL, "owner_id" integer, "game_id" integer, "created_at" datetime NOT NULL, "updated_at" datetime NOT NULL) 
  [1m[36mSQL (0.1ms)[0m  [1mINSERT INTO "schema_migrations" ("version") VALUES (?)[0m  [["version", "20150914185730"]]
  [1m[35m (1.1ms)[0m  commit transaction
Migrating to CreateMechanics (20150914185817)
  [1m[36m (0.1ms)[0m  [1mbegin transaction[0m
  [1m[35m (0.3ms)[0m  CREATE TABLE "mechanics" ("id" INTEGER PRIMARY KEY AUTOINCREMENT NOT NULL, "description" varchar, "created_at" datetime NOT NULL, "updated_at" datetime NOT NULL) 
  [1m[36mSQL (0.1ms)[0m  [1mINSERT INTO "schema_migrations" ("version") VALUES (?)[0m  [["version", "20150914185817"]]
  [1m[35m (1.1ms)[0m  commit transaction
Migrating to CreateGameMechanics (20150914185850)
  [1m[36m (0.1ms)[0m  [1mbegin transaction[0m
  [1m[35m (0.3ms)[0m  CREATE TABLE "game_mechanics" ("id" INTEGER PRIMARY KEY AUTOINCREMENT NOT NULL, "mechanic_id" integer, "game_id" integer, "created_at" datetime NOT NULL, "updated_at" datetime NOT NULL) 
  [1m[36mSQL (0.1ms)[0m  [1mINSERT INTO "schema_migrations" ("version") VALUES (?)[0m  [["version", "20150914185850"]]
  [1m[35m (1.2ms)[0m  commit transaction
Migrating to CreateUsers (20150914185915)
  [1m[36m (0.1ms)[0m  [1mbegin transaction[0m
  [1m[35m (0.4ms)[0m  CREATE TABLE "users" ("id" INTEGER PRIMARY KEY AUTOINCREMENT NOT NULL, "username" varchar, "password_digest" varchar, "created_at" datetime NOT NULL, "updated_at" datetime NOT NULL) 
  [1m[36mSQL (0.1ms)[0m  [1mINSERT INTO "schema_migrations" ("version") VALUES (?)[0m  [["version", "20150914185915"]]
  [1m[35m (1.2ms)[0m  commit transaction
Migrating to CreateFriendships (20150914185941)
  [1m[36m (0.1ms)[0m  [1mbegin transaction[0m
  [1m[35m (0.3ms)[0m  CREATE TABLE "friendships" ("id" INTEGER PRIMARY KEY AUTOINCREMENT NOT NULL, "from_id" integer, "to_id" integer, "confirmed" boolean, "created_at" datetime NOT NULL, "updated_at" datetime NOT NULL) 
  [1m[36mSQL (0.1ms)[0m  [1mINSERT INTO "schema_migrations" ("version") VALUES (?)[0m  [["version", "20150914185941"]]
  [1m[35m (1.1ms)[0m  commit transaction
  [1m[36mActiveRecord::SchemaMigration Load (0.1ms)[0m  [1mSELECT "schema_migrations".* FROM "schema_migrations"[0m
  [1m[36mActiveRecord::SchemaMigration Load (0.1ms)[0m  [1mSELECT "schema_migrations".* FROM "schema_migrations"[0m
  [1m[35m (0.1ms)[0m  begin transaction
  [1m[36mSQL (0.4ms)[0m  [1mINSERT INTO "games" ("name", "description", "created_at", "updated_at") VALUES (?, ?, ?, ?)[0m  [["name", "Alextown"], ["description", "It's green!"], ["created_at", "2015-09-14 20:45:42.117167"], ["updated_at", "2015-09-14 20:45:42.117167"]]
  [1m[35m (1.5ms)[0m  commit transaction
  [1m[36m (0.1ms)[0m  [1mbegin transaction[0m
  [1m[35mSQL (0.3ms)[0m  INSERT INTO "games" ("name", "description", "created_at", "updated_at") VALUES (?, ?, ?, ?)  [["name", "BlancheCity"], ["description", "Is blue!"], ["created_at", "2015-09-14 20:45:42.123187"], ["updated_at", "2015-09-14 20:45:42.123187"]]
  [1m[36m (1.2ms)[0m  [1mcommit transaction[0m
  [1m[35m (0.1ms)[0m  begin transaction
  [1m[36mSQL (0.3ms)[0m  [1mINSERT INTO "games" ("name", "description", "created_at", "updated_at") VALUES (?, ?, ?, ?)[0m  [["name", "Danville"], ["description", "HOOSIERS!"], ["created_at", "2015-09-14 20:45:42.127428"], ["updated_at", "2015-09-14 20:45:42.127428"]]
  [1m[35m (1.1ms)[0m  commit transaction
  [1m[36m (0.1ms)[0m  [1mbegin transaction[0m
  [1m[35mSQL (0.3ms)[0m  INSERT INTO "games" ("name", "description", "created_at", "updated_at") VALUES (?, ?, ?, ?)  [["name", "Megalopolis"], ["description", "SUPER!!"], ["created_at", "2015-09-14 20:45:42.130776"], ["updated_at", "2015-09-14 20:45:42.130776"]]
  [1m[36m (1.1ms)[0m  [1mcommit transaction[0m
  [1m[35m (0.1ms)[0m  begin transaction
  [1m[36mSQL (0.4ms)[0m  [1mINSERT INTO "games" ("name", "description", "created_at", "updated_at") VALUES (?, ?, ?, ?)[0m  [["name", "BAMD"], ["description", "Great for teams! Da bomb!"], ["created_at", "2015-09-14 20:45:42.133990"], ["updated_at", "2015-09-14 20:45:42.133990"]]
  [1m[35m (1.1ms)[0m  commit transaction
  [1m[36m (0.1ms)[0m  [1mbegin transaction[0m
  [1m[35mSQL (0.3ms)[0m  INSERT INTO "mechanics" ("description", "created_at", "updated_at") VALUES (?, ?, ?)  [["description", "co-op"], ["created_at", "2015-09-14 20:45:42.144290"], ["updated_at", "2015-09-14 20:45:42.144290"]]
  [1m[36m (1.1ms)[0m  [1mcommit transaction[0m
  [1m[35m (0.0ms)[0m  begin transaction
  [1m[36mSQL (0.2ms)[0m  [1mINSERT INTO "mechanics" ("description", "created_at", "updated_at") VALUES (?, ?, ?)[0m  [["description", "city-building"], ["created_at", "2015-09-14 20:45:42.147193"], ["updated_at", "2015-09-14 20:45:42.147193"]]
  [1m[35m (1.1ms)[0m  commit transaction
  [1m[36m (0.0ms)[0m  [1mbegin transaction[0m
  [1m[35mSQL (0.4ms)[0m  INSERT INTO "game_mechanics" ("game_id", "mechanic_id", "created_at", "updated_at") VALUES (?, ?, ?, ?)  [["game_id", 1], ["mechanic_id", 1], ["created_at", "2015-09-14 20:45:42.170297"], ["updated_at", "2015-09-14 20:45:42.170297"]]
  [1m[36m (1.6ms)[0m  [1mcommit transaction[0m
  [1m[35m (0.1ms)[0m  begin transaction
  [1m[36mSQL (0.3ms)[0m  [1mINSERT INTO "game_mechanics" ("game_id", "mechanic_id", "created_at", "updated_at") VALUES (?, ?, ?, ?)[0m  [["game_id", 2], ["mechanic_id", 2], ["created_at", "2015-09-14 20:45:42.175409"], ["updated_at", "2015-09-14 20:45:42.175409"]]
  [1m[35m (1.1ms)[0m  commit transaction
  [1m[36m (0.0ms)[0m  [1mbegin transaction[0m
  [1m[35mSQL (0.2ms)[0m  INSERT INTO "game_mechanics" ("game_id", "mechanic_id", "created_at", "updated_at") VALUES (?, ?, ?, ?)  [["game_id", 4], ["mechanic_id", 1], ["created_at", "2015-09-14 20:45:42.179053"], ["updated_at", "2015-09-14 20:45:42.179053"]]
  [1m[36m (1.6ms)[0m  [1mcommit transaction[0m
  [1m[35m (0.1ms)[0m  begin transaction
  [1m[36mSQL (0.2ms)[0m  [1mINSERT INTO "game_mechanics" ("game_id", "mechanic_id", "created_at", "updated_at") VALUES (?, ?, ?, ?)[0m  [["game_id", 4], ["mechanic_id", 2], ["created_at", "2015-09-14 20:45:42.182919"], ["updated_at", "2015-09-14 20:45:42.182919"]]
  [1m[35m (1.2ms)[0m  commit transaction
  [1m[36m (0.0ms)[0m  [1mbegin transaction[0m
  [1m[35mSQL (0.2ms)[0m  INSERT INTO "game_mechanics" ("game_id", "mechanic_id", "created_at", "updated_at") VALUES (?, ?, ?, ?)  [["game_id", 3], ["mechanic_id", 2], ["created_at", "2015-09-14 20:45:42.186553"], ["updated_at", "2015-09-14 20:45:42.186553"]]
  [1m[36m (1.1ms)[0m  [1mcommit transaction[0m
  [1m[35m (0.0ms)[0m  begin transaction
  [1m[36mSQL (0.2ms)[0m  [1mINSERT INTO "game_mechanics" ("game_id", "mechanic_id", "created_at", "updated_at") VALUES (?, ?, ?, ?)[0m  [["game_id", 5], ["mechanic_id", 1], ["created_at", "2015-09-14 20:45:42.190069"], ["updated_at", "2015-09-14 20:45:42.190069"]]
  [1m[35m (1.7ms)[0m  commit transaction
  [1m[36m (0.0ms)[0m  [1mbegin transaction[0m
  [1m[35mSQL (0.3ms)[0m  INSERT INTO "game_mechanics" ("game_id", "mechanic_id", "created_at", "updated_at") VALUES (?, ?, ?, ?)  [["game_id", 5], ["mechanic_id", 2], ["created_at", "2015-09-14 20:45:42.194428"], ["updated_at", "2015-09-14 20:45:42.194428"]]
  [1m[36m (1.2ms)[0m  [1mcommit transaction[0m
  [1m[35m (0.1ms)[0m  begin transaction
  [1m[36mSQL (0.4ms)[0m  [1mINSERT INTO "ratings" ("stars", "comment", "created_at", "updated_at") VALUES (?, ?, ?, ?)[0m  [["stars", 2], ["comment", "This is stuff."], ["created_at", "2015-09-14 20:45:42.206237"], ["updated_at", "2015-09-14 20:45:42.206237"]]
  [1m[35m (1.6ms)[0m  commit transaction
  [1m[36m (0.1ms)[0m  [1mbegin transaction[0m
  [1m[35mSQL (0.4ms)[0m  UPDATE "ratings" SET "game_id" = ?, "updated_at" = ? WHERE "ratings"."id" = ?  [["game_id", 1], ["updated_at", "2015-09-14 20:45:42.210887"], ["id", 1]]
  [1m[36m (1.1ms)[0m  [1mcommit transaction[0m
  [1m[35m (0.1ms)[0m  begin transaction
  [1m[36mSQL (0.4ms)[0m  [1mINSERT INTO "ratings" ("stars", "comment", "created_at", "updated_at") VALUES (?, ?, ?, ?)[0m  [["stars", 2], ["comment", "this is a game???"], ["created_at", "2015-09-14 20:45:42.284635"], ["updated_at", "2015-09-14 20:45:42.284635"]]
  [1m[35m (1.0ms)[0m  commit transaction
  [1m[36m (0.1ms)[0m  [1mbegin transaction[0m
  [1m[35mSQL (0.2ms)[0m  UPDATE "ratings" SET "game_id" = ?, "updated_at" = ? WHERE "ratings"."id" = ?  [["game_id", 2], ["updated_at", "2015-09-14 20:45:42.288086"], ["id", 2]]
  [1m[36m (1.0ms)[0m  [1mcommit transaction[0m
  [1m[35m (0.0ms)[0m  begin transaction
  [1m[36mSQL (0.2ms)[0m  [1mINSERT INTO "ratings" ("stars", "comment", "created_at", "updated_at") VALUES (?, ?, ?, ?)[0m  [["stars", 3], ["comment", "here is a thing maybe I dunno"], ["created_at", "2015-09-14 20:45:42.290877"], ["updated_at", "2015-09-14 20:45:42.290877"]]
  [1m[35m (1.8ms)[0m  commit transaction
  [1m[36m (0.1ms)[0m  [1mbegin transaction[0m
  [1m[35mSQL (0.2ms)[0m  UPDATE "ratings" SET "game_id" = ?, "updated_at" = ? WHERE "ratings"."id" = ?  [["game_id", 4], ["updated_at", "2015-09-14 20:45:42.294428"], ["id", 3]]
  [1m[36m (1.0ms)[0m  [1mcommit transaction[0m
  [1m[35m (0.0ms)[0m  begin transaction
  [1m[36mSQL (0.2ms)[0m  [1mINSERT INTO "ratings" ("stars", "comment", "created_at", "updated_at") VALUES (?, ?, ?, ?)[0m  [["stars", 2], ["comment", "things and unicorns"], ["created_at", "2015-09-14 20:45:42.297354"], ["updated_at", "2015-09-14 20:45:42.297354"]]
  [1m[35m (2.2ms)[0m  commit transaction
  [1m[36m (0.1ms)[0m  [1mbegin transaction[0m
  [1m[35mSQL (0.2ms)[0m  UPDATE "ratings" SET "game_id" = ?, "updated_at" = ? WHERE "ratings"."id" = ?  [["game_id", 3], ["updated_at", "2015-09-14 20:45:42.301360"], ["id", 4]]
  [1m[36m (1.1ms)[0m  [1mcommit transaction[0m
  [1m[35m (0.0ms)[0m  begin transaction
  [1m[36mSQL (0.2ms)[0m  [1mINSERT INTO "ratings" ("stars", "comment", "created_at", "updated_at") VALUES (?, ?, ?, ?)[0m  [["stars", 5], ["comment", "WOAH!"], ["created_at", "2015-09-14 20:45:42.304114"], ["updated_at", "2015-09-14 20:45:42.304114"]]
  [1m[35m (1.2ms)[0m  commit transaction
  [1m[36m (0.1ms)[0m  [1mbegin transaction[0m
  [1m[35mSQL (0.2ms)[0m  UPDATE "ratings" SET "game_id" = ?, "updated_at" = ? WHERE "ratings"."id" = ?  [["game_id", 1], ["updated_at", "2015-09-14 20:45:42.306930"], ["id", 5]]
  [1m[36m (1.4ms)[0m  [1mcommit transaction[0m
  [1m[36mGame Load (0.2ms)[0m  [1mSELECT  "games".* FROM "games"  ORDER BY "games"."id" ASC LIMIT 1[0m


Started GET "/" for ::1 at 2015-09-14 15:46:30 -0500
  [1m[36mActiveRecord::SchemaMigration Load (0.1ms)[0m  [1mSELECT "schema_migrations".* FROM "schema_migrations"[0m
Processing by GamesController#index as HTML
  [1m[35mGame Load (0.2ms)[0m  SELECT "games".* FROM "games"
  [1m[36mRating Load (0.3ms)[0m  [1mSELECT "ratings".* FROM "ratings" WHERE "ratings"."game_id" = ?[0m  [["game_id", 1]]
  Rendered games/index.erb within layouts/application (82.5ms)
Completed 500 Internal Server Error in 108ms

ActionView::Template::Error (undefined method `star' for #<Rating:0x007f938d419290>):
    2:   <h1>Games!</h1>
    3:     <% @games.each do |game| %>
    4:     <h2><%= game.name %></h2>
    5:     <h3><%= game.avg_user_rating %></h3>
    6:     <% end %>
    7: </div>
  app/models/game.rb:14:in `block in avg_user_rating'
  app/models/game.rb:13:in `avg_user_rating'
  app/views/games/index.erb:5:in `block in _app_views_games_index_erb___1756741588817740748_70135835874640'
  app/views/games/index.erb:3:in `_app_views_games_index_erb___1756741588817740748_70135835874640'
  app/controllers/games_controller.rb:4:in `index'


  Rendered /Users/apprentice/.rbenv/versions/2.0.0-p598/lib/ruby/gems/2.0.0/gems/actionpack-4.2.0/lib/action_dispatch/middleware/templates/rescues/_source.erb (8.5ms)
  Rendered /Users/apprentice/.rbenv/versions/2.0.0-p598/lib/ruby/gems/2.0.0/gems/actionpack-4.2.0/lib/action_dispatch/middleware/templates/rescues/_trace.html.erb (3.1ms)
  Rendered /Users/apprentice/.rbenv/versions/2.0.0-p598/lib/ruby/gems/2.0.0/gems/actionpack-4.2.0/lib/action_dispatch/middleware/templates/rescues/_request_and_response.html.erb (0.9ms)
  Rendered /Users/apprentice/.rbenv/versions/2.0.0-p598/lib/ruby/gems/2.0.0/gems/actionpack-4.2.0/lib/action_dispatch/middleware/templates/rescues/template_error.html.erb within rescues/layout (25.0ms)
  Rendered /Users/apprentice/.rbenv/versions/2.0.0-p598/lib/ruby/gems/2.0.0/gems/web-console-2.2.1/lib/web_console/templates/_markup.html.erb (0.3ms)
  Rendered /Users/apprentice/.rbenv/versions/2.0.0-p598/lib/ruby/gems/2.0.0/gems/web-console-2.2.1/lib/web_console/templates/_inner_console_markup.html.erb within layouts/inlined_string (0.3ms)
  Rendered /Users/apprentice/.rbenv/versions/2.0.0-p598/lib/ruby/gems/2.0.0/gems/web-console-2.2.1/lib/web_console/templates/_prompt_box_markup.html.erb within layouts/inlined_string (0.4ms)
  Rendered /Users/apprentice/.rbenv/versions/2.0.0-p598/lib/ruby/gems/2.0.0/gems/web-console-2.2.1/lib/web_console/templates/style.css.erb within layouts/inlined_string (0.4ms)
  Rendered /Users/apprentice/.rbenv/versions/2.0.0-p598/lib/ruby/gems/2.0.0/gems/web-console-2.2.1/lib/web_console/templates/console.js.erb within layouts/javascript (15.8ms)
  Rendered /Users/apprentice/.rbenv/versions/2.0.0-p598/lib/ruby/gems/2.0.0/gems/web-console-2.2.1/lib/web_console/templates/main.js.erb within layouts/javascript (0.3ms)
  Rendered /Users/apprentice/.rbenv/versions/2.0.0-p598/lib/ruby/gems/2.0.0/gems/web-console-2.2.1/lib/web_console/templates/error_page.js.erb within layouts/javascript (0.5ms)
  Rendered /Users/apprentice/.rbenv/versions/2.0.0-p598/lib/ruby/gems/2.0.0/gems/web-console-2.2.1/lib/web_console/templates/index.html.erb (35.4ms)


Started GET "/" for ::1 at 2015-09-14 15:46:58 -0500
Processing by GamesController#index as HTML
  [1m[35mGame Load (0.4ms)[0m  SELECT "games".* FROM "games"
  [1m[36mRating Load (0.3ms)[0m  [1mSELECT "ratings".* FROM "ratings" WHERE "ratings"."game_id" = ?[0m  [["game_id", 1]]
  [1m[35mRating Load (0.1ms)[0m  SELECT "ratings".* FROM "ratings" WHERE "ratings"."game_id" = ?  [["game_id", 2]]
  [1m[36mRating Load (0.1ms)[0m  [1mSELECT "ratings".* FROM "ratings" WHERE "ratings"."game_id" = ?[0m  [["game_id", 3]]
  [1m[35mRating Load (0.1ms)[0m  SELECT "ratings".* FROM "ratings" WHERE "ratings"."game_id" = ?  [["game_id", 4]]
  [1m[36mRating Load (0.1ms)[0m  [1mSELECT "ratings".* FROM "ratings" WHERE "ratings"."game_id" = ?[0m  [["game_id", 5]]
  Rendered games/index.erb within layouts/application (68.9ms)
Completed 500 Internal Server Error in 80ms

ActionView::Template::Error (divided by 0):
    2:   <h1>Games!</h1>
    3:     <% @games.each do |game| %>
    4:     <h2><%= game.name %></h2>
    5:     <h3><%= game.avg_user_rating %></h3>
    6:     <% end %>
    7: </div>
  app/models/game.rb:16:in `/'
  app/models/game.rb:16:in `avg_user_rating'
  app/views/games/index.erb:5:in `block in _app_views_games_index_erb___1756741588817740748_70135835874640'
  app/views/games/index.erb:3:in `_app_views_games_index_erb___1756741588817740748_70135835874640'
  app/controllers/games_controller.rb:4:in `index'


  Rendered /Users/apprentice/.rbenv/versions/2.0.0-p598/lib/ruby/gems/2.0.0/gems/actionpack-4.2.0/lib/action_dispatch/middleware/templates/rescues/_source.erb (8.4ms)
  Rendered /Users/apprentice/.rbenv/versions/2.0.0-p598/lib/ruby/gems/2.0.0/gems/actionpack-4.2.0/lib/action_dispatch/middleware/templates/rescues/_trace.html.erb (3.4ms)
  Rendered /Users/apprentice/.rbenv/versions/2.0.0-p598/lib/ruby/gems/2.0.0/gems/actionpack-4.2.0/lib/action_dispatch/middleware/templates/rescues/_request_and_response.html.erb (0.9ms)
  Rendered /Users/apprentice/.rbenv/versions/2.0.0-p598/lib/ruby/gems/2.0.0/gems/actionpack-4.2.0/lib/action_dispatch/middleware/templates/rescues/template_error.html.erb within rescues/layout (25.2ms)
  Rendered /Users/apprentice/.rbenv/versions/2.0.0-p598/lib/ruby/gems/2.0.0/gems/web-console-2.2.1/lib/web_console/templates/_markup.html.erb (0.3ms)
  Rendered /Users/apprentice/.rbenv/versions/2.0.0-p598/lib/ruby/gems/2.0.0/gems/web-console-2.2.1/lib/web_console/templates/_inner_console_markup.html.erb within layouts/inlined_string (0.3ms)
  Rendered /Users/apprentice/.rbenv/versions/2.0.0-p598/lib/ruby/gems/2.0.0/gems/web-console-2.2.1/lib/web_console/templates/_prompt_box_markup.html.erb within layouts/inlined_string (0.5ms)
  Rendered /Users/apprentice/.rbenv/versions/2.0.0-p598/lib/ruby/gems/2.0.0/gems/web-console-2.2.1/lib/web_console/templates/style.css.erb within layouts/inlined_string (0.4ms)
  Rendered /Users/apprentice/.rbenv/versions/2.0.0-p598/lib/ruby/gems/2.0.0/gems/web-console-2.2.1/lib/web_console/templates/console.js.erb within layouts/javascript (16.0ms)
  Rendered /Users/apprentice/.rbenv/versions/2.0.0-p598/lib/ruby/gems/2.0.0/gems/web-console-2.2.1/lib/web_console/templates/main.js.erb within layouts/javascript (0.3ms)
  Rendered /Users/apprentice/.rbenv/versions/2.0.0-p598/lib/ruby/gems/2.0.0/gems/web-console-2.2.1/lib/web_console/templates/error_page.js.erb within layouts/javascript (0.6ms)
  Rendered /Users/apprentice/.rbenv/versions/2.0.0-p598/lib/ruby/gems/2.0.0/gems/web-console-2.2.1/lib/web_console/templates/index.html.erb (37.3ms)


Started GET "/" for ::1 at 2015-09-14 15:47:45 -0500
Processing by GamesController#index as HTML
  [1m[35mGame Load (0.3ms)[0m  SELECT "games".* FROM "games"
  [1m[36mRating Exists (0.2ms)[0m  [1mSELECT  1 AS one FROM "ratings" WHERE "ratings"."game_id" = ? LIMIT 1[0m  [["game_id", 1]]
  [1m[35mRating Load (0.2ms)[0m  SELECT "ratings".* FROM "ratings" WHERE "ratings"."game_id" = ?  [["game_id", 1]]
  [1m[36mRating Exists (0.1ms)[0m  [1mSELECT  1 AS one FROM "ratings" WHERE "ratings"."game_id" = ? LIMIT 1[0m  [["game_id", 2]]
  [1m[35mRating Load (0.1ms)[0m  SELECT "ratings".* FROM "ratings" WHERE "ratings"."game_id" = ?  [["game_id", 2]]
  [1m[36mRating Exists (0.1ms)[0m  [1mSELECT  1 AS one FROM "ratings" WHERE "ratings"."game_id" = ? LIMIT 1[0m  [["game_id", 3]]
  [1m[35mRating Load (0.1ms)[0m  SELECT "ratings".* FROM "ratings" WHERE "ratings"."game_id" = ?  [["game_id", 3]]
  [1m[36mRating Exists (0.1ms)[0m  [1mSELECT  1 AS one FROM "ratings" WHERE "ratings"."game_id" = ? LIMIT 1[0m  [["game_id", 4]]
  [1m[35mRating Load (0.1ms)[0m  SELECT "ratings".* FROM "ratings" WHERE "ratings"."game_id" = ?  [["game_id", 4]]
  [1m[36mRating Exists (0.1ms)[0m  [1mSELECT  1 AS one FROM "ratings" WHERE "ratings"."game_id" = ? LIMIT 1[0m  [["game_id", 5]]
  Rendered games/index.erb within layouts/application (112.4ms)
Completed 200 OK in 1631ms (Views: 1622.9ms | ActiveRecord: 1.7ms)


Started GET "/assets/games.self-e3b0c44298fc1c149afbf4c8996fb92427ae41e4649b934ca495991b7852b855.css?body=1" for ::1 at 2015-09-14 15:47:47 -0500


Started GET "/assets/mechanics.self-e3b0c44298fc1c149afbf4c8996fb92427ae41e4649b934ca495991b7852b855.css?body=1" for ::1 at 2015-09-14 15:47:47 -0500


Started GET "/assets/games.self-877aef30ae1b040ab8a3aba4e3e309a11d7f2612f44dde450b5c157aa5f95c05.js?body=1" for ::1 at 2015-09-14 15:47:47 -0500


Started GET "/assets/ratings.self-e3b0c44298fc1c149afbf4c8996fb92427ae41e4649b934ca495991b7852b855.css?body=1" for ::1 at 2015-09-14 15:47:47 -0500


Started GET "/assets/jquery_ujs.self-d456baa54c1fa6be2ec3711f0a72ddf7a5b2f34a6b4f515f33767d6207b7d4b3.js?body=1" for ::1 at 2015-09-14 15:47:47 -0500


Started GET "/assets/jquery.self-a714331225dda820228db323939889f149aec0127aeb06255646b616ba1ca419.js?body=1" for ::1 at 2015-09-14 15:47:47 -0500


Started GET "/assets/application.self-e80e8f2318043e8af94dddc2adad5a4f09739a8ebb323b3ab31cd71d45fd9113.css?body=1" for ::1 at 2015-09-14 15:47:47 -0500


Started GET "/assets/turbolinks.self-c37727e9bd6b2735da5c311aa83fead54ed0be6cc8bd9a65309e9c5abe2cbfff.js?body=1" for ::1 at 2015-09-14 15:47:47 -0500


Started GET "/assets/mechanics.self-877aef30ae1b040ab8a3aba4e3e309a11d7f2612f44dde450b5c157aa5f95c05.js?body=1" for ::1 at 2015-09-14 15:47:47 -0500


Started GET "/assets/application.self-3a3c8b61bda630ee689740ce7cbd0dd8ea6fdd45e2c42eef4661ab38cf268afe.js?body=1" for ::1 at 2015-09-14 15:47:47 -0500


Started GET "/assets/ratings.self-877aef30ae1b040ab8a3aba4e3e309a11d7f2612f44dde450b5c157aa5f95c05.js?body=1" for ::1 at 2015-09-14 15:47:47 -0500
